2020-10-01 21:33:18,644 [Worker-1: Loading available Gradle versions] INFO  o.e.b.c.i.u.g.PublishedGradleVersions - Gradle version information cache is up-to-date. Trying to read.
2020-10-01 21:33:37,221 [Worker-2: Importing Maven projects] INFO  o.e.m.c.i.l.LifecycleMappingFactory - Using org.eclipse.m2e.jdt.JarLifecycleMapping lifecycle mapping for MavenProject: ch.heig.dmg:labo1-cacm:1.0-SNAPSHOT @ C:\Users\romain.capocasa\Desktop\T-InfData2020_Labo1\lab1\pom.xml.
2020-10-01 21:33:37,860 [Worker-2: Importing Maven projects] INFO  o.e.m.j.i.AbstractJavaProjectConfigurator - Adding source folder /lab1/src/main/java
2020-10-01 21:33:37,861 [Worker-2: Importing Maven projects] INFO  o.e.m.j.i.AbstractJavaProjectConfigurator - Adding source folder /lab1/src/test/java
2020-10-01 21:33:38,117 [Worker-2: Importing Maven projects] INFO  o.e.m.c.i.p.ProjectConfigurationManager - Imported and configured 1 project(s) in 3 sec
2020-10-01 21:33:38,968 [Worker-16: Building] WARN  o.e.m.c.i.embedder.EclipseLogger - Using platform encoding (Cp1252 actually) to copy filtered resources, i.e. build is platform dependent!
2020-10-01 21:33:38,974 [Worker-16: Building] INFO  o.e.m.c.i.embedder.EclipseLogger - skip non existing resourceDirectory C:\Users\romain.capocasa\Desktop\T-InfData2020_Labo1\lab1\src\main\resources
2020-10-01 21:33:38,975 [Worker-16: Building] WARN  o.e.m.c.i.embedder.EclipseLogger - Using platform encoding (Cp1252 actually) to copy filtered resources, i.e. build is platform dependent!
2020-10-01 21:33:38,980 [Worker-16: Building] INFO  o.e.m.c.i.embedder.EclipseLogger - skip non existing resourceDirectory C:\Users\romain.capocasa\Desktop\T-InfData2020_Labo1\lab1\src\test\resources
2020-10-01 21:33:48,498 [Worker-8: Download sources and javadoc] INFO  o.e.m.c.i.e.AbstractTransferListenerAdapter - Downloading https://repo.maven.apache.org/maven2/org/apache/lucene/lucene-analyzers-common/8.6.2/lucene-analyzers-common-8.6.2-sources.jar
2020-10-01 21:33:48,777 [Worker-8: Download sources and javadoc] INFO  o.e.m.c.i.e.AbstractTransferListenerAdapter - Downloaded https://repo.maven.apache.org/maven2/org/apache/lucene/lucene-analyzers-common/8.6.2/lucene-analyzers-common-8.6.2-sources.jar
2020-10-01 21:33:48,889 [Worker-8: Download sources and javadoc] INFO  o.e.m.j.internal.DownloadSourcesJob - Downloaded sources for org.apache.lucene:lucene-analyzers-common:8.6.2
2020-10-01 21:33:49,017 [Worker-8: Download sources and javadoc] INFO  o.e.m.c.i.e.AbstractTransferListenerAdapter - Downloading https://repo.maven.apache.org/maven2/org/apache/lucene/lucene-misc/8.6.2/lucene-misc-8.6.2-sources.jar
2020-10-01 21:33:49,118 [Worker-8: Download sources and javadoc] INFO  o.e.m.c.i.e.AbstractTransferListenerAdapter - Downloaded https://repo.maven.apache.org/maven2/org/apache/lucene/lucene-misc/8.6.2/lucene-misc-8.6.2-sources.jar
2020-10-01 21:33:49,217 [Worker-8: Download sources and javadoc] INFO  o.e.m.j.internal.DownloadSourcesJob - Downloaded sources for org.apache.lucene:lucene-misc:8.6.2
2020-10-01 21:33:49,349 [Worker-8: Download sources and javadoc] INFO  o.e.m.c.i.e.AbstractTransferListenerAdapter - Downloading https://repo.maven.apache.org/maven2/org/apache/lucene/lucene-queries/8.6.2/lucene-queries-8.6.2-sources.jar
2020-10-01 21:33:49,461 [Worker-8: Download sources and javadoc] INFO  o.e.m.c.i.e.AbstractTransferListenerAdapter - Downloaded https://repo.maven.apache.org/maven2/org/apache/lucene/lucene-queries/8.6.2/lucene-queries-8.6.2-sources.jar
2020-10-01 21:33:49,549 [Worker-8: Download sources and javadoc] INFO  o.e.m.j.internal.DownloadSourcesJob - Downloaded sources for org.apache.lucene:lucene-queries:8.6.2
2020-10-01 21:33:49,684 [Worker-8: Download sources and javadoc] INFO  o.e.m.c.i.e.AbstractTransferListenerAdapter - Downloading https://repo.maven.apache.org/maven2/org/apache/lucene/lucene-queryparser/8.6.2/lucene-queryparser-8.6.2-sources.jar
2020-10-01 21:33:49,843 [Worker-8: Download sources and javadoc] INFO  o.e.m.c.i.e.AbstractTransferListenerAdapter - Downloaded https://repo.maven.apache.org/maven2/org/apache/lucene/lucene-queryparser/8.6.2/lucene-queryparser-8.6.2-sources.jar
2020-10-01 21:33:49,913 [Worker-8: Download sources and javadoc] INFO  o.e.m.j.internal.DownloadSourcesJob - Downloaded sources for org.apache.lucene:lucene-queryparser:8.6.2
2020-10-01 21:33:50,055 [Worker-8: Download sources and javadoc] INFO  o.e.m.c.i.e.AbstractTransferListenerAdapter - Downloading https://repo.maven.apache.org/maven2/org/apache/lucene/lucene-sandbox/8.6.2/lucene-sandbox-8.6.2-sources.jar
2020-10-01 21:33:50,148 [Worker-8: Download sources and javadoc] INFO  o.e.m.c.i.e.AbstractTransferListenerAdapter - Downloaded https://repo.maven.apache.org/maven2/org/apache/lucene/lucene-sandbox/8.6.2/lucene-sandbox-8.6.2-sources.jar
2020-10-01 21:33:50,242 [Worker-8: Download sources and javadoc] INFO  o.e.m.j.internal.DownloadSourcesJob - Downloaded sources for org.apache.lucene:lucene-sandbox:8.6.2
2020-10-01 21:33:50,251 [Worker-8: Download sources and javadoc] INFO  o.e.m.j.internal.DownloadSourcesJob - Downloaded sources for org.apache.lucene:lucene-analyzers-common:8.6.2
2020-10-01 21:33:50,259 [Worker-8: Download sources and javadoc] INFO  o.e.m.j.internal.DownloadSourcesJob - Downloaded sources for org.apache.lucene:lucene-misc:8.6.2
2020-10-01 21:33:50,267 [Worker-8: Download sources and javadoc] INFO  o.e.m.j.internal.DownloadSourcesJob - Downloaded sources for org.apache.lucene:lucene-queries:8.6.2
2020-10-01 21:33:50,275 [Worker-8: Download sources and javadoc] INFO  o.e.m.j.internal.DownloadSourcesJob - Downloaded sources for org.apache.lucene:lucene-queryparser:8.6.2
2020-10-01 21:33:50,283 [Worker-8: Download sources and javadoc] INFO  o.e.m.j.internal.DownloadSourcesJob - Downloaded sources for org.apache.lucene:lucene-sandbox:8.6.2
2020-10-01 21:33:50,455 [Worker-14: Building] WARN  o.e.m.c.i.embedder.EclipseLogger - Using platform encoding (Cp1252 actually) to copy filtered resources, i.e. build is platform dependent!
2020-10-01 21:33:50,461 [Worker-14: Building] INFO  o.e.m.c.i.embedder.EclipseLogger - skip non existing resourceDirectory C:\Users\romain.capocasa\Desktop\T-InfData2020_Labo1\lab1\src\main\resources
2020-10-01 21:33:50,462 [Worker-14: Building] WARN  o.e.m.c.i.embedder.EclipseLogger - Using platform encoding (Cp1252 actually) to copy filtered resources, i.e. build is platform dependent!
2020-10-01 21:33:50,467 [Worker-14: Building] INFO  o.e.m.c.i.embedder.EclipseLogger - skip non existing resourceDirectory C:\Users\romain.capocasa\Desktop\T-InfData2020_Labo1\lab1\src\test\resources
2020-10-01 21:37:59,897 [Worker-19: Building] WARN  o.e.m.c.i.embedder.EclipseLogger - Using platform encoding (Cp1252 actually) to copy filtered resources, i.e. build is platform dependent!
2020-10-01 21:37:59,903 [Worker-19: Building] INFO  o.e.m.c.i.embedder.EclipseLogger - skip non existing resourceDirectory C:\Users\romain.capocasa\Desktop\T-InfData2020_Labo1\lab1\src\main\resources
2020-10-01 21:37:59,904 [Worker-19: Building] WARN  o.e.m.c.i.embedder.EclipseLogger - Using platform encoding (Cp1252 actually) to copy filtered resources, i.e. build is platform dependent!
2020-10-01 21:37:59,913 [Worker-19: Building] INFO  o.e.m.c.i.embedder.EclipseLogger - skip non existing resourceDirectory C:\Users\romain.capocasa\Desktop\T-InfData2020_Labo1\lab1\src\test\resources
2020-10-01 21:42:25,098 [Worker-19: Building] WARN  o.e.m.c.i.embedder.EclipseLogger - Using platform encoding (Cp1252 actually) to copy filtered resources, i.e. build is platform dependent!
2020-10-01 21:42:25,103 [Worker-19: Building] INFO  o.e.m.c.i.embedder.EclipseLogger - skip non existing resourceDirectory C:\Users\romain.capocasa\Desktop\T-InfData2020_Labo1\lab1\src\main\resources
2020-10-01 21:42:25,104 [Worker-19: Building] WARN  o.e.m.c.i.embedder.EclipseLogger - Using platform encoding (Cp1252 actually) to copy filtered resources, i.e. build is platform dependent!
2020-10-01 21:42:25,110 [Worker-19: Building] INFO  o.e.m.c.i.embedder.EclipseLogger - skip non existing resourceDirectory C:\Users\romain.capocasa\Desktop\T-InfData2020_Labo1\lab1\src\test\resources
2020-10-01 21:43:49,936 [Worker-3: Loading available Gradle versions] INFO  o.e.b.c.i.u.g.PublishedGradleVersions - Gradle version information cache is up-to-date. Trying to read.
2020-10-01 21:45:20,767 [Worker-3: Loading available Gradle versions] INFO  o.e.b.c.i.u.g.PublishedGradleVersions - Gradle version information cache is up-to-date. Trying to read.
2020-10-01 22:02:01,629 [Start Help Server] INFO  org.eclipse.jetty.util.log - Logging initialized @1026357ms to org.eclipse.jetty.util.log.Slf4jLog
2020-10-01 22:02:01,706 [Start Help Server] INFO  org.eclipse.jetty.server.Server - jetty-9.4.29.v20200521; built: 2020-05-27T11:26:53.365Z; git: 77c232aed8a45c818fd27232278d9f95a021095e; jvm 11+28
2020-10-01 22:02:01,718 [Start Help Server] INFO  org.eclipse.jetty.server.session - DefaultSessionIdManager workerName=node0
2020-10-01 22:02:01,718 [Start Help Server] INFO  org.eclipse.jetty.server.session - No SessionScavenger set, using defaults
2020-10-01 22:02:01,719 [Start Help Server] INFO  org.eclipse.jetty.server.session - node0 Scavenging every 600000ms
2020-10-01 22:02:01,737 [Start Help Server] INFO  o.e.j.server.handler.ContextHandler - Started o.e.j.s.ServletContextHandler@2e667aef{/help,null,AVAILABLE}
2020-10-01 22:02:01,747 [Start Help Server] INFO  o.e.jetty.server.AbstractConnector - Started ServerConnector@27a34750{HTTP/1.1, (http/1.1)}{127.0.0.1:54993}
2020-10-01 22:02:01,747 [Start Help Server] INFO  org.eclipse.jetty.server.Server - Started @1026476ms
2020-10-01 22:02:01,747 [Start Help Server] INFO  org.eclipse.jetty.server.session - node0 Scavenging every 600000ms
2020-10-01 22:04:26,846 [Worker-22: Building] WARN  o.e.m.c.i.embedder.EclipseLogger - Using platform encoding (Cp1252 actually) to copy filtered resources, i.e. build is platform dependent!
2020-10-01 22:04:26,856 [Worker-22: Building] INFO  o.e.m.c.i.embedder.EclipseLogger - skip non existing resourceDirectory C:\Users\romain.capocasa\Documents\InfDataLab1\lab1\src\main\resources
2020-10-01 22:04:26,858 [Worker-22: Building] WARN  o.e.m.c.i.embedder.EclipseLogger - Using platform encoding (Cp1252 actually) to copy filtered resources, i.e. build is platform dependent!
2020-10-01 22:04:26,864 [Worker-22: Building] INFO  o.e.m.c.i.embedder.EclipseLogger - skip non existing resourceDirectory C:\Users\romain.capocasa\Documents\InfDataLab1\lab1\src\test\resources
2020-10-01 22:14:39,762 [Worker-29: Building] WARN  o.e.m.c.i.embedder.EclipseLogger - Using platform encoding (Cp1252 actually) to copy filtered resources, i.e. build is platform dependent!
2020-10-01 22:14:39,767 [Worker-29: Building] INFO  o.e.m.c.i.embedder.EclipseLogger - skip non existing resourceDirectory C:\Users\romain.capocasa\Documents\InfDataLab1\lab1\src\main\resources
2020-10-01 22:14:39,768 [Worker-29: Building] WARN  o.e.m.c.i.embedder.EclipseLogger - Using platform encoding (Cp1252 actually) to copy filtered resources, i.e. build is platform dependent!
2020-10-01 22:14:39,773 [Worker-29: Building] INFO  o.e.m.c.i.embedder.EclipseLogger - skip non existing resourceDirectory C:\Users\romain.capocasa\Documents\InfDataLab1\lab1\src\test\resources
2020-10-01 22:21:34,121 [Worker-32: Building] WARN  o.e.m.c.i.embedder.EclipseLogger - Using platform encoding (Cp1252 actually) to copy filtered resources, i.e. build is platform dependent!
2020-10-01 22:21:34,128 [Worker-32: Building] INFO  o.e.m.c.i.embedder.EclipseLogger - skip non existing resourceDirectory C:\Users\romain.capocasa\Documents\InfDataLab1\lab1\src\main\resources
2020-10-01 22:21:34,130 [Worker-32: Building] WARN  o.e.m.c.i.embedder.EclipseLogger - Using platform encoding (Cp1252 actually) to copy filtered resources, i.e. build is platform dependent!
2020-10-01 22:21:34,137 [Worker-32: Building] INFO  o.e.m.c.i.embedder.EclipseLogger - skip non existing resourceDirectory C:\Users\romain.capocasa\Documents\InfDataLab1\lab1\src\test\resources
2020-10-01 22:22:01,016 [Worker-33: Building] WARN  o.e.m.c.i.embedder.EclipseLogger - Using platform encoding (Cp1252 actually) to copy filtered resources, i.e. build is platform dependent!
2020-10-01 22:22:01,024 [Worker-33: Building] INFO  o.e.m.c.i.embedder.EclipseLogger - skip non existing resourceDirectory C:\Users\romain.capocasa\Documents\InfDataLab1\lab1\src\main\resources
2020-10-01 22:22:01,025 [Worker-33: Building] WARN  o.e.m.c.i.embedder.EclipseLogger - Using platform encoding (Cp1252 actually) to copy filtered resources, i.e. build is platform dependent!
2020-10-01 22:22:01,031 [Worker-33: Building] INFO  o.e.m.c.i.embedder.EclipseLogger - skip non existing resourceDirectory C:\Users\romain.capocasa\Documents\InfDataLab1\lab1\src\test\resources
2020-10-01 22:24:23,106 [Worker-35: Building] WARN  o.e.m.c.i.embedder.EclipseLogger - Using platform encoding (Cp1252 actually) to copy filtered resources, i.e. build is platform dependent!
2020-10-01 22:24:23,113 [Worker-35: Building] INFO  o.e.m.c.i.embedder.EclipseLogger - skip non existing resourceDirectory C:\Users\romain.capocasa\Documents\InfDataLab1\lab1\src\main\resources
2020-10-01 22:24:23,114 [Worker-35: Building] WARN  o.e.m.c.i.embedder.EclipseLogger - Using platform encoding (Cp1252 actually) to copy filtered resources, i.e. build is platform dependent!
2020-10-01 22:24:23,119 [Worker-35: Building] INFO  o.e.m.c.i.embedder.EclipseLogger - skip non existing resourceDirectory C:\Users\romain.capocasa\Documents\InfDataLab1\lab1\src\test\resources
2020-10-01 22:41:39,833 [Stop Help Server] INFO  o.e.jetty.server.AbstractConnector - Stopped ServerConnector@27a34750{HTTP/1.1, (http/1.1)}{127.0.0.1:0}
2020-10-01 22:41:39,833 [Stop Help Server] INFO  org.eclipse.jetty.server.session - node0 Stopped scavenging
2020-10-01 22:41:39,844 [Stop Help Server] INFO  o.e.j.server.handler.ContextHandler - Stopped o.e.j.s.ServletContextHandler@2e667aef{/help,null,UNAVAILABLE}
